<?xml version="1.0" encoding="UTF-8"?>
<coverage generated="1541307355880" clover="3.2.0">
  <project timestamp="1541307355880" name="All files">
    <metrics statements="19" coveredstatements="14" conditionals="0" coveredconditionals="0" methods="8" coveredmethods="3" elements="27" coveredelements="17" complexity="0" loc="19" ncloc="19" packages="2" files="2" classes="2">
      <package name="client.src.components">
        <metrics statements="18" coveredstatements="13" conditionals="0" coveredconditionals="0" methods="8" coveredmethods="3"/>
        <file name="Grid.jsx" path="/Users/vincentquan/Desktop/lairBnB-carousel/client/src/components/Grid.jsx">
          <metrics statements="18" coveredstatements="13" conditionals="0" coveredconditionals="0" methods="8" coveredmethods="3"/>
          <line num="6" count="2" type="stmt"/>
          <line num="7" count="2" type="stmt"/>
          <line num="18" count="2" type="stmt"/>
          <line num="19" count="2" type="stmt"/>
          <line num="20" count="2" type="stmt"/>
          <line num="24" count="0" type="stmt"/>
          <line num="28" count="0" type="stmt"/>
          <line num="34" count="0" type="stmt"/>
          <line num="40" count="2" type="stmt"/>
          <line num="41" count="0" type="stmt"/>
          <line num="44" count="0" type="stmt"/>
          <line num="54" count="2" type="stmt"/>
          <line num="63" count="2" type="stmt"/>
          <line num="72" count="2" type="stmt"/>
          <line num="80" count="2" type="stmt"/>
          <line num="88" count="2" type="stmt"/>
          <line num="96" count="2" type="stmt"/>
          <line num="101" count="2" type="stmt"/>
        </file>
      </package>
      <package name="test">
        <metrics statements="1" coveredstatements="1" conditionals="0" coveredconditionals="0" methods="0" coveredmethods="0"/>
        <file name="setupTests.js" path="/Users/vincentquan/Desktop/lairBnB-carousel/test/setupTests.js">
          <metrics statements="1" coveredstatements="1" conditionals="0" coveredconditionals="0" methods="0" coveredmethods="0"/>
          <line num="4" count="1" type="stmt"/>
        </file>
      </package>
    </metrics>
  </project>
</coverage>
