{"/Users/vincentquan/Desktop/lairBnB-carousel/client/src/components/Grid.jsx": {"path":"/Users/vincentquan/Desktop/lairBnB-carousel/client/src/components/Grid.jsx","statementMap":{"0":{"start":{"line":6,"column":4},"end":{"line":6,"column":17}},"1":{"start":{"line":7,"column":4},"end":{"line":16,"column":5}},"2":{"start":{"line":18,"column":4},"end":{"line":18,"column":51}},"3":{"start":{"line":19,"column":4},"end":{"line":19,"column":59}},"4":{"start":{"line":20,"column":4},"end":{"line":20,"column":61}},"5":{"start":{"line":24,"column":4},"end":{"line":24,"column":32}},"6":{"start":{"line":28,"column":4},"end":{"line":30,"column":6}},"7":{"start":{"line":34,"column":4},"end":{"line":36,"column":6}},"8":{"start":{"line":40,"column":4},"end":{"line":49,"column":7}},"9":{"start":{"line":41,"column":19},"end":{"line":41,"column":29}},"10":{"start":{"line":44,"column":10},"end":{"line":46,"column":12}},"11":{"start":{"line":54,"column":25},"end":{"line":61,"column":5}},"12":{"start":{"line":63,"column":19},"end":{"line":70,"column":5}},"13":{"start":{"line":72,"column":19},"end":{"line":79,"column":5}},"14":{"start":{"line":80,"column":19},"end":{"line":87,"column":5}},"15":{"start":{"line":88,"column":19},"end":{"line":95,"column":5}},"16":{"start":{"line":96,"column":21},"end":{"line":99,"column":5}},"17":{"start":{"line":101,"column":4},"end":{"line":122,"column":6}}},"fnMap":{"0":{"name":"(anonymous_0)","decl":{"start":{"line":5,"column":2},"end":{"line":5,"column":3}},"loc":{"start":{"line":5,"column":21},"end":{"line":21,"column":3}},"line":5},"1":{"name":"(anonymous_1)","decl":{"start":{"line":23,"column":2},"end":{"line":23,"column":3}},"loc":{"start":{"line":23,"column":16},"end":{"line":25,"column":3}},"line":23},"2":{"name":"(anonymous_2)","decl":{"start":{"line":27,"column":2},"end":{"line":27,"column":3}},"loc":{"start":{"line":27,"column":20},"end":{"line":31,"column":3}},"line":27},"3":{"name":"(anonymous_3)","decl":{"start":{"line":33,"column":2},"end":{"line":33,"column":3}},"loc":{"start":{"line":33,"column":21},"end":{"line":37,"column":3}},"line":33},"4":{"name":"(anonymous_4)","decl":{"start":{"line":39,"column":2},"end":{"line":39,"column":3}},"loc":{"start":{"line":39,"column":22},"end":{"line":51,"column":3}},"line":39},"5":{"name":"(anonymous_5)","decl":{"start":{"line":41,"column":12},"end":{"line":41,"column":13}},"loc":{"start":{"line":41,"column":19},"end":{"line":41,"column":29}},"line":41},"6":{"name":"(anonymous_6)","decl":{"start":{"line":43,"column":8},"end":{"line":43,"column":9}},"loc":{"start":{"line":43,"column":20},"end":{"line":47,"column":9}},"line":43},"7":{"name":"(anonymous_7)","decl":{"start":{"line":53,"column":2},"end":{"line":53,"column":3}},"loc":{"start":{"line":53,"column":11},"end":{"line":123,"column":3}},"line":53}},"branchMap":{},"s":{"0":2,"1":2,"2":2,"3":2,"4":2,"5":0,"6":0,"7":0,"8":2,"9":0,"10":0,"11":2,"12":2,"13":2,"14":2,"15":2,"16":2,"17":2},"f":{"0":2,"1":0,"2":0,"3":0,"4":2,"5":0,"6":0,"7":2},"b":{},"_coverageSchema":"332fd63041d2c1bcb487cc26dd0d5f7d97098a6c","hash":"6971d91ad12159433c6e08a2712973ac37d57560"}
,"/Users/vincentquan/Desktop/lairBnB-carousel/test/setupTests.js": {"path":"/Users/vincentquan/Desktop/lairBnB-carousel/test/setupTests.js","statementMap":{"0":{"start":{"line":4,"column":0},"end":{"line":4,"column":38}}},"fnMap":{},"branchMap":{},"s":{"0":1},"f":{},"b":{},"_coverageSchema":"332fd63041d2c1bcb487cc26dd0d5f7d97098a6c","hash":"69e8781ec1192639fcbec513f04a292897a035a6"}
}
