TN:
SF:/Users/vincentquan/Desktop/lairBnB-carousel/client/src/components/Grid.jsx
FN:5,(anonymous_0)
FN:23,(anonymous_1)
FN:27,(anonymous_2)
FN:33,(anonymous_3)
FN:39,(anonymous_4)
FN:41,(anonymous_5)
FN:43,(anonymous_6)
FN:53,(anonymous_7)
FNF:8
FNH:3
FNDA:2,(anonymous_0)
FNDA:0,(anonymous_1)
FNDA:0,(anonymous_2)
FNDA:0,(anonymous_3)
FNDA:2,(anonymous_4)
FNDA:0,(anonymous_5)
FNDA:0,(anonymous_6)
FNDA:2,(anonymous_7)
DA:6,2
DA:7,2
DA:18,2
DA:19,2
DA:20,2
DA:24,0
DA:28,0
DA:34,0
DA:40,2
DA:41,0
DA:44,0
DA:54,2
DA:63,2
DA:72,2
DA:80,2
DA:88,2
DA:96,2
DA:101,2
LF:18
LH:13
BRF:0
BRH:0
end_of_record
TN:
SF:/Users/vincentquan/Desktop/lairBnB-carousel/test/setupTests.js
FNF:0
FNH:0
DA:4,1
LF:1
LH:1
BRF:0
BRH:0
end_of_record
